Solaris/Intermediate/Android/armv7/gradle/app/build/intermediates/manifest_merge_blame_file/debug/manifest-merger-blame-debug-report.txt
1<?xml version="1.0" encoding="utf-8"?>
2<manifest xmlns:android="http://schemas.android.com/apk/res/android"
3    package="com.YourCompany.Solaris"
4    android:installLocation="internalOnly"
5    android:versionCode="1"
6    android:versionName="1.0" >
7
8    <uses-sdk
9        android:minSdkVersion="24"
9-->src\main\AndroidManifest.xml
10        android:targetSdkVersion="24" />
10-->src\main\AndroidManifest.xml
11    <!-- Requirements -->
12    <uses-feature
12-->src\main\AndroidManifest.xml:48:3-76
13        android:glEsVersion="0x00030001"
13-->src\main\AndroidManifest.xml:48:17-49
14        android:required="true" />
14-->src\main\AndroidManifest.xml:48:50-73
15
16    <uses-permission android:name="android.permission.INTERNET" />
16-->src\main\AndroidManifest.xml:49:3-65
16-->src\main\AndroidManifest.xml:49:20-62
17    <uses-permission android:name="android.permission.WRITE_EXTERNAL_STORAGE" />
17-->src\main\AndroidManifest.xml:50:3-79
17-->src\main\AndroidManifest.xml:50:20-76
18    <uses-permission android:name="android.permission.ACCESS_NETWORK_STATE" />
18-->src\main\AndroidManifest.xml:51:3-77
18-->src\main\AndroidManifest.xml:51:20-74
19    <uses-permission android:name="android.permission.WAKE_LOCK" />
19-->src\main\AndroidManifest.xml:52:3-66
19-->src\main\AndroidManifest.xml:52:20-63
20    <uses-permission android:name="com.android.vending.CHECK_LICENSE" />
20-->src\main\AndroidManifest.xml:53:3-71
20-->src\main\AndroidManifest.xml:53:20-68
21    <uses-permission android:name="android.permission.ACCESS_WIFI_STATE" />
21-->src\main\AndroidManifest.xml:54:3-74
21-->src\main\AndroidManifest.xml:54:20-71
22    <uses-permission android:name="android.permission.MODIFY_AUDIO_SETTINGS" />
22-->src\main\AndroidManifest.xml:55:3-78
22-->src\main\AndroidManifest.xml:55:20-75
23    <uses-permission android:name="android.permission.VIBRATE" />
23-->src\main\AndroidManifest.xml:56:3-64
23-->src\main\AndroidManifest.xml:56:20-61
24    <uses-permission android:name="com.android.vending.BILLING" />
24-->src\main\AndroidManifest.xml:57:3-65
24-->src\main\AndroidManifest.xml:57:20-62
25    <!-- Supported texture compression formats (cooked) -->
26    <supports-gl-texture android:name="GL_KHR_texture_compression_astc_ldr" />
26-->src\main\AndroidManifest.xml:59:3-77
26-->src\main\AndroidManifest.xml:59:24-74
27
28    <uses-permission android:name="android.permission.CAMERA" />
28-->src\main\AndroidManifest.xml:60:3-63
28-->src\main\AndroidManifest.xml:60:20-60
29
30    <uses-feature
30-->src\main\AndroidManifest.xml:61:3-85
31        android:name="android.hardware.camera.ar"
31-->src\main\AndroidManifest.xml:61:17-58
32        android:required="true" />
32-->src\main\AndroidManifest.xml:61:59-82
33    <!-- Application Definition -->
34    <application
34-->src\main\AndroidManifest.xml:3:3-46:17
35        android:name="com.epicgames.ue4.GameApplication"
35-->src\main\AndroidManifest.xml:3:114-162
36        android:debuggable="true"
37        android:hardwareAccelerated="true"
37-->src\main\AndroidManifest.xml:3:79-113
38        android:hasCode="true"
38-->src\main\AndroidManifest.xml:3:163-185
39        android:icon="@drawable/icon"
39-->src\main\AndroidManifest.xml:3:49-78
40        android:label="@string/app_name" >
40-->src\main\AndroidManifest.xml:3:16-48
41        <activity
41-->src\main\AndroidManifest.xml:4:5-9:16
42            android:name="com.epicgames.ue4.SplashActivity"
42-->src\main\AndroidManifest.xml:4:15-62
43            android:debuggable="true"
43-->src\main\AndroidManifest.xml:4:201-226
44            android:label="@string/app_name"
44-->src\main\AndroidManifest.xml:4:63-95
45            android:launchMode="singleTask"
45-->src\main\AndroidManifest.xml:4:134-165
46            android:screenOrientation="sensor"
46-->src\main\AndroidManifest.xml:4:166-200
47            android:theme="@style/UE4SplashTheme" >
47-->src\main\AndroidManifest.xml:4:96-133
48            <intent-filter>
48-->src\main\AndroidManifest.xml:5:7-8:23
49                <action android:name="android.intent.action.MAIN" />
49-->src\main\AndroidManifest.xml:6:9-61
49-->src\main\AndroidManifest.xml:6:17-58
50
51                <category android:name="android.intent.category.LAUNCHER" />
51-->src\main\AndroidManifest.xml:7:9-69
51-->src\main\AndroidManifest.xml:7:19-66
52            </intent-filter>
53        </activity>
54        <activity
54-->src\main\AndroidManifest.xml:10:5-12:16
55            android:name="com.epicgames.ue4.GameActivity"
55-->src\main\AndroidManifest.xml:10:15-60
56            android:configChanges="mcc|mnc|uiMode|density|screenSize|smallestScreenSize|screenLayout|orientation|keyboardHidden|keyboard"
56-->src\main\AndroidManifest.xml:10:132-257
57            android:debuggable="true"
57-->src\main\AndroidManifest.xml:10:360-385
58            android:label="@string/app_name"
58-->src\main\AndroidManifest.xml:10:61-93
59            android:launchMode="singleTask"
59-->src\main\AndroidManifest.xml:10:293-324
60            android:resizeableActivity="false"
60-->src\main\AndroidManifest.xml:10:258-292
61            android:screenOrientation="sensor"
61-->src\main\AndroidManifest.xml:10:325-359
62            android:theme="@style/UE4SplashTheme" >
62-->src\main\AndroidManifest.xml:10:94-131
63            <meta-data
63-->src\main\AndroidManifest.xml:11:7-76
64                android:name="android.app.lib_name"
64-->src\main\AndroidManifest.xml:11:18-53
65                android:value="UE4" />
65-->src\main\AndroidManifest.xml:11:54-73
66        </activity>
67        <activity
67-->src\main\AndroidManifest.xml:13:5-219
68            android:name="com.YourCompany.Solaris.DownloaderActivity"
68-->src\main\AndroidManifest.xml:13:15-49
69            android:configChanges="mcc|mnc|uiMode|density|screenSize|orientation|keyboardHidden|keyboard"
69-->src\main\AndroidManifest.xml:13:85-178
70            android:screenOrientation="sensor"
70-->src\main\AndroidManifest.xml:13:50-84
71            android:theme="@style/UE4SplashTheme" />
71-->src\main\AndroidManifest.xml:13:179-216
72
73        <meta-data
73-->src\main\AndroidManifest.xml:14:5-101
74            android:name="com.epicgames.ue4.GameActivity.EngineVersion"
74-->src\main\AndroidManifest.xml:14:16-75
75            android:value="4.25.3" />
75-->src\main\AndroidManifest.xml:14:76-98
76        <meta-data
76-->src\main\AndroidManifest.xml:15:5-112
77            android:name="com.epicgames.ue4.GameActivity.EngineBranch"
77-->src\main\AndroidManifest.xml:15:16-74
78            android:value="++UE4+Release-4.25" />
78-->src\main\AndroidManifest.xml:15:75-109
79        <meta-data
79-->src\main\AndroidManifest.xml:16:5-103
80            android:name="com.epicgames.ue4.GameActivity.ProjectVersion"
80-->src\main\AndroidManifest.xml:16:16-76
81            android:value="1.0.0.0" />
81-->src\main\AndroidManifest.xml:16:77-100
82        <meta-data
82-->src\main\AndroidManifest.xml:17:5-104
83            android:name="com.epicgames.ue4.GameActivity.DepthBufferPreference"
83-->src\main\AndroidManifest.xml:17:16-83
84            android:value="0" />
84-->src\main\AndroidManifest.xml:17:84-101
85        <meta-data
85-->src\main\AndroidManifest.xml:18:5-107
86            android:name="com.epicgames.ue4.GameActivity.bPackageDataInsideApk"
86-->src\main\AndroidManifest.xml:18:16-83
87            android:value="true" />
87-->src\main\AndroidManifest.xml:18:84-104
88        <meta-data
88-->src\main\AndroidManifest.xml:19:5-106
89            android:name="com.epicgames.ue4.GameActivity.bVerifyOBBOnStartUp"
89-->src\main\AndroidManifest.xml:19:16-81
90            android:value="false" />
90-->src\main\AndroidManifest.xml:19:82-103
91        <meta-data
91-->src\main\AndroidManifest.xml:20:5-99
92            android:name="com.epicgames.ue4.GameActivity.bShouldHideUI"
92-->src\main\AndroidManifest.xml:20:16-75
93            android:value="true" />
93-->src\main\AndroidManifest.xml:20:76-96
94        <meta-data
94-->src\main\AndroidManifest.xml:21:5-100
95            android:name="com.epicgames.ue4.GameActivity.ProjectName"
95-->src\main\AndroidManifest.xml:21:16-73
96            android:value="Solaris" />
96-->src\main\AndroidManifest.xml:21:74-97
97        <meta-data
97-->src\main\AndroidManifest.xml:22:5-89
98            android:name="com.epicgames.ue4.GameActivity.AppType"
98-->src\main\AndroidManifest.xml:22:16-69
99            android:value="" />
99-->src\main\AndroidManifest.xml:22:70-86
100        <meta-data
100-->src\main\AndroidManifest.xml:23:5-98
101            android:name="com.epicgames.ue4.GameActivity.bHasOBBFiles"
101-->src\main\AndroidManifest.xml:23:16-74
102            android:value="true" />
102-->src\main\AndroidManifest.xml:23:75-95
103        <meta-data
103-->src\main\AndroidManifest.xml:24:5-111
104            android:name="com.epicgames.ue4.GameActivity.BuildConfiguration"
104-->src\main\AndroidManifest.xml:24:16-80
105            android:value="Development" />
105-->src\main\AndroidManifest.xml:24:81-108
106        <meta-data
106-->src\main\AndroidManifest.xml:25:5-99
107            android:name="com.epicgames.ue4.GameActivity.CookedFlavors"
107-->src\main\AndroidManifest.xml:25:16-75
108            android:value="ASTC" />
108-->src\main\AndroidManifest.xml:25:76-96
109        <meta-data
109-->src\main\AndroidManifest.xml:26:5-109
110            android:name="com.epicgames.ue4.GameActivity.bValidateTextureFormats"
110-->src\main\AndroidManifest.xml:26:16-85
111            android:value="true" />
111-->src\main\AndroidManifest.xml:26:86-106
112        <meta-data
112-->src\main\AndroidManifest.xml:27:5-107
113            android:name="com.epicgames.ue4.GameActivity.bUseExternalFilesDir"
113-->src\main\AndroidManifest.xml:27:16-82
114            android:value="false" />
114-->src\main\AndroidManifest.xml:27:83-104
115        <meta-data
115-->src\main\AndroidManifest.xml:28:5-102
116            android:name="com.epicgames.ue4.GameActivity.bPublicLogFiles"
116-->src\main\AndroidManifest.xml:28:16-77
117            android:value="false" />
117-->src\main\AndroidManifest.xml:28:78-99
118        <meta-data
118-->src\main\AndroidManifest.xml:29:5-104
119            android:name="com.epicgames.ue4.GameActivity.bUseDisplayCutout"
119-->src\main\AndroidManifest.xml:29:16-79
120            android:value="false" />
120-->src\main\AndroidManifest.xml:29:80-101
121        <meta-data
121-->src\main\AndroidManifest.xml:30:5-95
122            android:name="com.epicgames.ue4.GameActivity.bAllowIMU"
122-->src\main\AndroidManifest.xml:30:16-71
123            android:value="true" />
123-->src\main\AndroidManifest.xml:30:72-92
124        <meta-data
124-->src\main\AndroidManifest.xml:31:5-102
125            android:name="com.epicgames.ue4.GameActivity.bSupportsVulkan"
125-->src\main\AndroidManifest.xml:31:16-77
126            android:value="false" />
126-->src\main\AndroidManifest.xml:31:78-99
127        <meta-data
127-->src\main\AndroidManifest.xml:32:5-141
128            android:name="com.epicgames.ue4.GameActivity.StartupPermissions"
128-->src\main\AndroidManifest.xml:32:16-80
129            android:value="android.permission.WRITE_EXTERNAL_STORAGE" />
129-->src\main\AndroidManifest.xml:32:81-138
130        <meta-data
130-->src\main\AndroidManifest.xml:33:5-100
131            android:name="com.google.android.gms.games.APP_ID"
131-->src\main\AndroidManifest.xml:33:16-66
132            android:value="@string/app_id" />
132-->src\main\AndroidManifest.xml:33:67-97
133        <meta-data
133-->src\main\AndroidManifest.xml:34:5-118
134            android:name="com.google.android.gms.version"
134-->src\main\AndroidManifest.xml:34:16-61
135            android:value="@integer/google_play_services_version" />
135-->src\main\AndroidManifest.xml:34:62-115
136
137        <activity
137-->src\main\AndroidManifest.xml:35:5-180
138            android:name="com.google.android.gms.ads.AdActivity"
138-->src\main\AndroidManifest.xml:35:15-67
139            android:configChanges="keyboard|keyboardHidden|orientation|screenLayout|uiMode|screenSize|smallestScreenSize" />
139-->src\main\AndroidManifest.xml:35:68-177
140
141        <service android:name="com.YourCompany.Solaris.OBBDownloaderService" />
141-->src\main\AndroidManifest.xml:36:5-52
141-->src\main\AndroidManifest.xml:36:14-49
142
143        <receiver android:name="com.YourCompany.Solaris.AlarmReceiver" />
143-->src\main\AndroidManifest.xml:37:5-46
143-->src\main\AndroidManifest.xml:37:15-43
144        <receiver android:name="com.epicgames.ue4.LocalNotificationReceiver" />
144-->src\main\AndroidManifest.xml:38:5-76
144-->src\main\AndroidManifest.xml:38:15-73
145        <receiver
145-->src\main\AndroidManifest.xml:39:5-43:16
146            android:name="com.epicgames.ue4.MulticastBroadcastReceiver"
146-->src\main\AndroidManifest.xml:39:15-74
147            android:exported="true" >
147-->src\main\AndroidManifest.xml:39:75-98
148            <intent-filter>
148-->src\main\AndroidManifest.xml:40:7-42:23
149                <action android:name="com.android.vending.INSTALL_REFERRER" />
149-->src\main\AndroidManifest.xml:41:9-71
149-->src\main\AndroidManifest.xml:41:17-68
150            </intent-filter>
151        </receiver>
152
153        <meta-data
153-->src\main\AndroidManifest.xml:44:5-73
154            android:name="android.max_aspect"
154-->src\main\AndroidManifest.xml:44:16-49
155            android:value="2.10" />
155-->src\main\AndroidManifest.xml:44:50-70
156        <meta-data
156-->src\main\AndroidManifest.xml:45:5-77
157            android:name="com.google.ar.core"
157-->src\main\AndroidManifest.xml:45:16-49
158            android:value="required" />
158-->src\main\AndroidManifest.xml:45:50-74
159
160        <activity
160-->[com.google.android.gms:play-services-auth:11.8.0] AndroidManifest.xml:23:9-27:75
161            android:name="com.google.android.gms.auth.api.signin.internal.SignInHubActivity"
161-->[com.google.android.gms:play-services-auth:11.8.0] AndroidManifest.xml:24:13-93
162            android:excludeFromRecents="true"
162-->[com.google.android.gms:play-services-auth:11.8.0] AndroidManifest.xml:25:13-46
163            android:exported="false"
163-->[com.google.android.gms:play-services-auth:11.8.0] AndroidManifest.xml:26:13-37
164            android:theme="@android:style/Theme.Translucent.NoTitleBar" />
164-->[com.google.android.gms:play-services-auth:11.8.0] AndroidManifest.xml:27:13-72
165        <!--
166            Service handling Google Sign-In user revocation. For apps that do not integrate with
167            Google Sign-In, this service will never be started.
168        -->
169        <service
169-->[com.google.android.gms:play-services-auth:11.8.0] AndroidManifest.xml:33:9-36:110
170            android:name="com.google.android.gms.auth.api.signin.RevocationBoundService"
170-->[com.google.android.gms:play-services-auth:11.8.0] AndroidManifest.xml:34:13-89
171            android:exported="true"
171-->[com.google.android.gms:play-services-auth:11.8.0] AndroidManifest.xml:35:13-36
172            android:permission="com.google.android.gms.auth.api.signin.permission.REVOCATION_NOTIFICATION" /> <!-- The minimal version code of ARCore APK required for an app using this SDK. -->
172-->[com.google.android.gms:play-services-auth:11.8.0] AndroidManifest.xml:36:13-107
173        <meta-data
173-->[com.google.ar:core:1.9.0] AndroidManifest.xml:33:9-35:41
174            android:name="com.google.ar.core.min_apk_version"
174-->[com.google.ar:core:1.9.0] AndroidManifest.xml:34:13-62
175            android:value="190412000" /> <!-- This activity is critical for installing ARCore when it is not already present. -->
175-->[com.google.ar:core:1.9.0] AndroidManifest.xml:35:13-38
176        <activity
176-->[com.google.ar:core:1.9.0] AndroidManifest.xml:37:9-43:80
177            android:name="com.google.ar.core.InstallActivity"
177-->[com.google.ar:core:1.9.0] AndroidManifest.xml:38:13-62
178            android:configChanges="keyboardHidden|orientation|screenSize"
178-->[com.google.ar:core:1.9.0] AndroidManifest.xml:39:13-74
179            android:excludeFromRecents="true"
179-->[com.google.ar:core:1.9.0] AndroidManifest.xml:40:13-46
180            android:exported="false"
180-->[com.google.ar:core:1.9.0] AndroidManifest.xml:41:13-37
181            android:launchMode="singleTop"
181-->[com.google.ar:core:1.9.0] AndroidManifest.xml:42:13-43
182            android:theme="@android:style/Theme.Material.Light.Dialog.Alert" />
182-->[com.google.ar:core:1.9.0] AndroidManifest.xml:43:13-77
183
184        <meta-data
184-->[com.android.billingclient:billing:2.0.3] AndroidManifest.xml:13:9-15:37
185            android:name="com.google.android.play.billingclient.version"
185-->[com.android.billingclient:billing:2.0.3] AndroidManifest.xml:14:13-73
186            android:value="2.0.3" />
186-->[com.android.billingclient:billing:2.0.3] AndroidManifest.xml:15:13-34
187
188        <activity
188-->[com.android.billingclient:billing:2.0.3] AndroidManifest.xml:17:9-20:75
189            android:name="com.android.billingclient.api.ProxyBillingActivity"
189-->[com.android.billingclient:billing:2.0.3] AndroidManifest.xml:18:13-78
190            android:configChanges="keyboard|keyboardHidden|screenLayout|screenSize|orientation"
190-->[com.android.billingclient:billing:2.0.3] AndroidManifest.xml:19:13-96
191            android:theme="@android:style/Theme.Translucent.NoTitleBar" />
191-->[com.android.billingclient:billing:2.0.3] AndroidManifest.xml:20:13-72
192
193        <provider
193-->[android.arch.lifecycle:extensions:1.1.1] AndroidManifest.xml:23:9-27:43
194            android:name="android.arch.lifecycle.ProcessLifecycleOwnerInitializer"
194-->[android.arch.lifecycle:extensions:1.1.1] AndroidManifest.xml:24:13-83
195            android:authorities="com.YourCompany.Solaris.lifecycle-trojan"
195-->[android.arch.lifecycle:extensions:1.1.1] AndroidManifest.xml:25:13-68
196            android:exported="false"
196-->[android.arch.lifecycle:extensions:1.1.1] AndroidManifest.xml:26:13-37
197            android:multiprocess="true" />
197-->[android.arch.lifecycle:extensions:1.1.1] AndroidManifest.xml:27:13-40
198
199        <activity
199-->[com.google.android.gms:play-services-base:11.8.0] AndroidManifest.xml:23:9-26:75
200            android:name="com.google.android.gms.common.api.GoogleApiActivity"
200-->[com.google.android.gms:play-services-base:11.8.0] AndroidManifest.xml:24:13-79
201            android:exported="false"
201-->[com.google.android.gms:play-services-base:11.8.0] AndroidManifest.xml:25:13-37
202            android:theme="@android:style/Theme.Translucent.NoTitleBar" />
202-->[com.google.android.gms:play-services-base:11.8.0] AndroidManifest.xml:26:13-72
203    </application>
204
205</manifest>